<?xml version="1.0" encoding="UTF-8"?>
<!-- Generated by org.testng.reporters.JUnitReportReporter -->
<testsuite hostname="LAPTOP-BNEF5TES" failures="0" tests="1" name="testScripts.TestCase1" time="18.946" errors="0" timestamp="2022-11-10T22:17:25 IST" skipped="0">
  <testcase classname="testScripts.TestCase1" name="tc1" time="18.946"/>
  <system-out>
    <![CDATA[TC1 Passed
actiTIME - Enter Time-Track]]>
  </system-out>
</testsuite> <!-- testScripts.TestCase1 -->
